<?xml version="1.0" encoding="UTF-8"?>
<!-- Generated by org.testng.reporters.JUnitXMLReporter -->
<testsuite hostname="vdc01hpd-0072" name="Testcase_B3" tests="1" failures="1" timestamp="22 May 2014 07:06:45 GMT" time="0.218" errors="0">
  <testcase name="test1" time="0.0" classname="com.Framework.suiteB.Testcase_B3">
    <failure type="java.lang.AssertionError" message="expected [XYZ] but found [XYZ1d]">
      <![CDATA[java.lang.AssertionError: expected [XYZ] but found [XYZ1d]
	at com.Framework.suiteB.Testcase_B3.test1(Testcase_B3.java:60)
... Removed 30 stack frames]]>
    </failure>
  </testcase> <!-- test1 -->
</testsuite> <!-- Testcase_B3 -->
