<html xmlns:math="http://exslt.org/math" xmlns:testng="http://testng.org">
   <head>
      <title>TestNG Results</title>
      <meta http-equiv="content-type" content="text/html; charset=utf-8"></meta>
      <meta http-equiv="pragma" content="no-cache"></meta>
      <meta http-equiv="cache-control" content="max-age=0"></meta>
      <meta http-equiv="cache-control" content="no-cache"></meta>
      <meta http-equiv="cache-control" content="no-store"></meta>
      <LINK rel="stylesheet" href="style.css"></LINK>
      <script type="text/javascript" src="main.js"></script>
   </head>
   <body>
      <table width="100%" style="font-size: 16px; margin-bottom: 10px;" cellspacing="1">
         <tr>
            <td width="100%">
               Test case
               
               <b>Registration_Account</b>
            </td>
            <td style="background-color: #FFBBBB; padding: 3px 3px 3px 0;" align="center">
               <div style="width: 50px;">0</div>
            </td>
            <td style="background-color: lightgreen; padding: 3px 3px 3px 0;" align="center">
               <div style="width: 50px;">1</div>
            </td>
            <td style="background-color: #FFFFBB; padding: 3px 3px 3px 0;" align="center">
               <div style="width: 50px;">2</div>
            </td>
            <td align="center" style="background-color: #eaf0f7; padding: 3px 3px 3px 0;">
               <div style="width: 50px;">3</div>
            </td>
            <td align="center"
                style="font-weight: bold; background-color: #eaf0f7; padding: 3px 3px 3px 0;">
               <div style="width: 50px;">33%</div>
            </td>
            <td style="background-color: #eaf0f7; padding: 3px 3px 3px 0;" align="center"
                nowrap="true">41s
               
            </td>
         </tr>
      </table>
      <div style="width: 200px;">
         <label for="groupMethodsCheckBox" style="font-weight: bold; margin: 0;">
            <input id="groupMethodsCheckBox" type="checkbox" onclick="switchTestMethodsView(this)"
                   checked=""></input>
            Group by class
            
         </label>
         <br></br>
         <label for="methodsFilter_ALL" style="font-weight: bold; margin: 0;">
            <input id="methodsFilter_ALL" type="checkbox"
                   onclick="testMethodsFilterChanged(this, 'ALL')"
                   checked=""></input>
            All
            
         </label>
      </div>
      <label for="methodsFilter_FAIL" style="margin-left: 20px;">
         <input id="methodsFilter_FAIL" type="checkbox"
                onclick="testMethodsFilterChanged(this, 'FAIL')"
                checked=""></input>
         Failed
         
      </label>
      <label for="methodsFilter_PASS">
         <input id="methodsFilter_PASS" type="checkbox"
                onclick="testMethodsFilterChanged(this, 'PASS')"
                checked=""></input>
         Passed
         
      </label>
      <label for="methodsFilter_SKIP">
         <input id="methodsFilter_SKIP" type="checkbox"
                onclick="testMethodsFilterChanged(this, 'SKIP')"
                checked=""></input>
         Skipped
         
      </label>
      <label for="methodsFilter_CONF">
         <input id="methodsFilter_CONF" type="checkbox"
                onclick="testMethodsFilterChanged(this, 'CONF')"
                checked=""></input>
         Config
         
      </label>
      <br></br>
      <div id="testMethodsByStatus" style="display: none;">
         <table class="testMethodsTable" cellpadding="0" cellspacing="0">
            <tr class="methodsTableHeader">
               <td width="100%">Name</td>
               <td nowrap="true">Started</td>
               <td nowrap="true">Duration</td>
               <td>Exception</td>
            </tr>
            <tr id="com.NFHS.TestSuites.RegistrationSuite.Registration_Account_Setup_isTestSkipped_byStatus_passed_PASS1_row"
                class="testMethodStatusPASS testMethodStatusCONF">
               <td width="100%" class="firstMethodCell">
                  <a onclick="toggleDetailsVisibility('com.NFHS.TestSuites.RegistrationSuite.Registration_Account_Setup_isTestSkipped_byStatus_passed_PASS1_details')">isTestSkipped()</a>
               </td>
               <td nowrap="true">05:08:59</td>
               <td nowrap="true" align="right">1s
                  
               </td>
               <td nowrap="true">
                   
                  
               </td>
            </tr>
            <tr>
               <td colspan="4" class="detailsBox">
                  <div id="com.NFHS.TestSuites.RegistrationSuite.Registration_Account_Setup_isTestSkipped_byStatus_passed_PASS1_details"
                       class="testMethodDetails">
                     <div>
                        <b>Name: </b>isTestSkipped
                     </div>
                     <div>
                        <b>Signature: </b>isTestSkipped()[pri:0, instance:com.NFHS.TestSuites.RegistrationSuite.Registration_Account_Setup@e91f5d]
                     </div>
                     <div>
                        <b>Start time: </b>05:08:59
                     </div>
                     <div>
                        <b>End time: </b>05:09:00
                     </div>
                     <div>
                        <b>Duration: </b>1s
                        
                     </div>
                  </div>
               </td>
            </tr>
            <tr></tr>
            <tr id="com.NFHS.TestSuites.RegistrationSuite.Registration_Account_Setup_launch_Browser_byStatus_passed_PASS2_row"
                class="testMethodStatusPASS testMethodStatusCONF">
               <td width="100%" class="firstMethodCell">
                  <a onclick="toggleDetailsVisibility('com.NFHS.TestSuites.RegistrationSuite.Registration_Account_Setup_launch_Browser_byStatus_passed_PASS2_details')">launch_Browser(chrome)</a>
               </td>
               <td nowrap="true">05:09:02</td>
               <td nowrap="true" align="right">3s
                  
               </td>
               <td nowrap="true">
                   
                  
               </td>
            </tr>
            <tr>
               <td colspan="4" class="detailsBox">
                  <div id="com.NFHS.TestSuites.RegistrationSuite.Registration_Account_Setup_launch_Browser_byStatus_passed_PASS2_details"
                       class="testMethodDetails">
                     <div>
                        <b>Name: </b>launch_Browser
                     </div>
                     <div>
                        <b>Signature: </b>launch_Browser(java.lang.String)[pri:0, instance:com.NFHS.TestSuites.RegistrationSuite.Registration_Account_Setup@e91f5d]
                     </div>
                     <div>
                        <b>Parameters: </b>
                        
                        chrome
                        
                        
                     </div>
                     <div>
                        <b>Start time: </b>05:09:02
                     </div>
                     <div>
                        <b>End time: </b>05:09:06
                     </div>
                     <div>
                        <b>Duration: </b>3s
                        
                     </div>
                  </div>
               </td>
            </tr>
            <tr></tr>
            <tr id="com.NFHS.TestSuites.RegistrationSuite.Registration_Account_Setup_Registration_of_New_User_byStatus_passed_PASS3_row"
                class="testMethodStatusPASS">
               <td width="100%" class="firstMethodCell">
                  <a onclick="toggleDetailsVisibility('com.NFHS.TestSuites.RegistrationSuite.Registration_Account_Setup_Registration_of_New_User_byStatus_passed_PASS3_details')">Registration_of_New_User(abc@g
                     
                     ,
                     
                     abcd@gmail.com
                     
                     ,
                     
                     password
                     
                     ,
                     
                     password)
                  </a>
               </td>
               <td nowrap="true">05:09:06</td>
               <td nowrap="true" align="right">19s
                  
               </td>
               <td nowrap="true">
                   
                  
               </td>
            </tr>
            <tr>
               <td colspan="4" class="detailsBox">
                  <div id="com.NFHS.TestSuites.RegistrationSuite.Registration_Account_Setup_Registration_of_New_User_byStatus_passed_PASS3_details"
                       class="testMethodDetails">
                     <div>
                        <b>Name: </b>Registration_of_New_User
                     </div>
                     <div>
                        <b>Signature: </b>Registration_of_New_User(java.lang.String, java.lang.String, java.lang.String, java.lang.String)[pri:0, instance:com.NFHS.TestSuites.RegistrationSuite.Registration_Account_Setup@e91f5d]
                     </div>
                     <div>
                        <b>Parameters: </b>
                        
                        abc@g
                        
                        ,
                        
                        abcd@gmail.com
                        
                        ,
                        
                        password
                        
                        ,
                        
                        password
                        
                        
                     </div>
                     <div>
                        <b>Start time: </b>05:09:06
                     </div>
                     <div>
                        <b>End time: </b>05:09:25
                     </div>
                     <div>
                        <b>Duration: </b>19s
                        
                     </div>
                  </div>
               </td>
            </tr>
            <tr></tr>
            <tr id="com.NFHS.TestSuites.RegistrationSuite.Registration_Account_Setup_reporter_byStatus_passed_PASS4_row"
                class="testMethodStatusPASS testMethodStatusCONF">
               <td width="100%" class="firstMethodCell">
                  <a onclick="toggleDetailsVisibility('com.NFHS.TestSuites.RegistrationSuite.Registration_Account_Setup_reporter_byStatus_passed_PASS4_details')">reporter()</a>
               </td>
               <td nowrap="true">05:09:25</td>
               <td nowrap="true" align="right">3s
                  
               </td>
               <td nowrap="true">
                   
                  
               </td>
            </tr>
            <tr>
               <td colspan="4" class="detailsBox">
                  <div id="com.NFHS.TestSuites.RegistrationSuite.Registration_Account_Setup_reporter_byStatus_passed_PASS4_details"
                       class="testMethodDetails">
                     <div>
                        <b>Name: </b>reporter
                     </div>
                     <div>
                        <b>Signature: </b>reporter()[pri:0, instance:com.NFHS.TestSuites.RegistrationSuite.Registration_Account_Setup@e91f5d]
                     </div>
                     <div>
                        <b>Start time: </b>05:09:25
                     </div>
                     <div>
                        <b>End time: </b>05:09:29
                     </div>
                     <div>
                        <b>Duration: </b>3s
                        
                     </div>
                  </div>
               </td>
            </tr>
            <tr></tr>
            <tr id="com.NFHS.TestSuites.RegistrationSuite.Registration_Account_Setup_launch_Browser_byStatus_passed_PASS5_row"
                class="testMethodStatusPASS testMethodStatusCONF">
               <td width="100%" class="firstMethodCell">
                  <a onclick="toggleDetailsVisibility('com.NFHS.TestSuites.RegistrationSuite.Registration_Account_Setup_launch_Browser_byStatus_passed_PASS5_details')">launch_Browser(chrome)</a>
               </td>
               <td nowrap="true">05:09:29</td>
               <td nowrap="true" align="right">1s
                  
               </td>
               <td nowrap="true">
                   
                  
               </td>
            </tr>
            <tr>
               <td colspan="4" class="detailsBox">
                  <div id="com.NFHS.TestSuites.RegistrationSuite.Registration_Account_Setup_launch_Browser_byStatus_passed_PASS5_details"
                       class="testMethodDetails">
                     <div>
                        <b>Name: </b>launch_Browser
                     </div>
                     <div>
                        <b>Signature: </b>launch_Browser(java.lang.String)[pri:0, instance:com.NFHS.TestSuites.RegistrationSuite.Registration_Account_Setup@e91f5d]
                     </div>
                     <div>
                        <b>Parameters: </b>
                        
                        chrome
                        
                        
                     </div>
                     <div>
                        <b>Start time: </b>05:09:29
                     </div>
                     <div>
                        <b>End time: </b>05:09:31
                     </div>
                     <div>
                        <b>Duration: </b>1s
                        
                     </div>
                  </div>
               </td>
            </tr>
            <tr></tr>
            <tr id="com.NFHS.TestSuites.RegistrationSuite.Registration_Account_Setup_reporter_byStatus_passed_PASS6_row"
                class="testMethodStatusPASS testMethodStatusCONF">
               <td width="100%" class="firstMethodCell">
                  <a onclick="toggleDetailsVisibility('com.NFHS.TestSuites.RegistrationSuite.Registration_Account_Setup_reporter_byStatus_passed_PASS6_details')">reporter()</a>
               </td>
               <td nowrap="true">05:09:31</td>
               <td nowrap="true" align="right">3s
                  
               </td>
               <td nowrap="true">
                   
                  
               </td>
            </tr>
            <tr>
               <td colspan="4" class="detailsBox">
                  <div id="com.NFHS.TestSuites.RegistrationSuite.Registration_Account_Setup_reporter_byStatus_passed_PASS6_details"
                       class="testMethodDetails">
                     <div>
                        <b>Name: </b>reporter
                     </div>
                     <div>
                        <b>Signature: </b>reporter()[pri:0, instance:com.NFHS.TestSuites.RegistrationSuite.Registration_Account_Setup@e91f5d]
                     </div>
                     <div>
                        <b>Start time: </b>05:09:31
                     </div>
                     <div>
                        <b>End time: </b>05:09:34
                     </div>
                     <div>
                        <b>Duration: </b>3s
                        
                     </div>
                  </div>
               </td>
            </tr>
            <tr></tr>
            <tr id="com.NFHS.TestSuites.RegistrationSuite.Registration_Account_Setup_launch_Browser_byStatus_passed_PASS7_row"
                class="testMethodStatusPASS testMethodStatusCONF">
               <td width="100%" class="firstMethodCell">
                  <a onclick="toggleDetailsVisibility('com.NFHS.TestSuites.RegistrationSuite.Registration_Account_Setup_launch_Browser_byStatus_passed_PASS7_details')">launch_Browser(chrome)</a>
               </td>
               <td nowrap="true">05:09:34</td>
               <td nowrap="true" align="right">1s
                  
               </td>
               <td nowrap="true">
                   
                  
               </td>
            </tr>
            <tr>
               <td colspan="4" class="detailsBox">
                  <div id="com.NFHS.TestSuites.RegistrationSuite.Registration_Account_Setup_launch_Browser_byStatus_passed_PASS7_details"
                       class="testMethodDetails">
                     <div>
                        <b>Name: </b>launch_Browser
                     </div>
                     <div>
                        <b>Signature: </b>launch_Browser(java.lang.String)[pri:0, instance:com.NFHS.TestSuites.RegistrationSuite.Registration_Account_Setup@e91f5d]
                     </div>
                     <div>
                        <b>Parameters: </b>
                        
                        chrome
                        
                        
                     </div>
                     <div>
                        <b>Start time: </b>05:09:34
                     </div>
                     <div>
                        <b>End time: </b>05:09:36
                     </div>
                     <div>
                        <b>Duration: </b>1s
                        
                     </div>
                  </div>
               </td>
            </tr>
            <tr></tr>
            <tr id="com.NFHS.TestSuites.RegistrationSuite.Registration_Account_Setup_reporter_byStatus_passed_PASS8_row"
                class="testMethodStatusPASS testMethodStatusCONF">
               <td width="100%" class="firstMethodCell">
                  <a onclick="toggleDetailsVisibility('com.NFHS.TestSuites.RegistrationSuite.Registration_Account_Setup_reporter_byStatus_passed_PASS8_details')">reporter()</a>
               </td>
               <td nowrap="true">05:09:36</td>
               <td nowrap="true" align="right">3s
                  
               </td>
               <td nowrap="true">
                   
                  
               </td>
            </tr>
            <tr>
               <td colspan="4" class="detailsBox">
                  <div id="com.NFHS.TestSuites.RegistrationSuite.Registration_Account_Setup_reporter_byStatus_passed_PASS8_details"
                       class="testMethodDetails">
                     <div>
                        <b>Name: </b>reporter
                     </div>
                     <div>
                        <b>Signature: </b>reporter()[pri:0, instance:com.NFHS.TestSuites.RegistrationSuite.Registration_Account_Setup@e91f5d]
                     </div>
                     <div>
                        <b>Start time: </b>05:09:36
                     </div>
                     <div>
                        <b>End time: </b>05:09:40
                     </div>
                     <div>
                        <b>Duration: </b>3s
                        
                     </div>
                  </div>
               </td>
            </tr>
            <tr></tr>
            <tr id="com.NFHS.TestSuites.RegistrationSuite.Registration_Account_Setup_reportTestCaseResult_byStatus_passed_PASS9_row"
                class="testMethodStatusPASS testMethodStatusCONF">
               <td width="100%" class="firstMethodCell">
                  <a onclick="toggleDetailsVisibility('com.NFHS.TestSuites.RegistrationSuite.Registration_Account_Setup_reportTestCaseResult_byStatus_passed_PASS9_details')">reportTestCaseResult()</a>
               </td>
               <td nowrap="true">05:09:40</td>
               <td nowrap="true" align="right">344 ms
                  
               </td>
               <td nowrap="true">
                   
                  
               </td>
            </tr>
            <tr>
               <td colspan="4" class="detailsBox">
                  <div id="com.NFHS.TestSuites.RegistrationSuite.Registration_Account_Setup_reportTestCaseResult_byStatus_passed_PASS9_details"
                       class="testMethodDetails">
                     <div>
                        <b>Name: </b>reportTestCaseResult
                     </div>
                     <div>
                        <b>Signature: </b>reportTestCaseResult()[pri:0, instance:com.NFHS.TestSuites.RegistrationSuite.Registration_Account_Setup@e91f5d]
                     </div>
                     <div>
                        <b>Start time: </b>05:09:40
                     </div>
                     <div>
                        <b>End time: </b>05:09:40
                     </div>
                     <div>
                        <b>Duration: </b>344 ms
                        
                     </div>
                  </div>
               </td>
            </tr>
            <tr></tr>
            <tr id="com.NFHS.TestSuites.RegistrationSuite.Registration_Account_Setup_Registration_of_New_User_byStatus_skiped_SKIP1_row"
                class="testMethodStatusSKIP">
               <td width="100%" class="firstMethodCell">
                  <a onclick="toggleDetailsVisibility('com.NFHS.TestSuites.RegistrationSuite.Registration_Account_Setup_Registration_of_New_User_byStatus_skiped_SKIP1_details')">Registration_of_New_User(abc@gmail.com
                     
                     ,
                     
                     abcd@gmail.com
                     
                     ,
                     
                     password
                     
                     ,
                     
                     password)
                  </a>
               </td>
               <td nowrap="true">05:09:31</td>
               <td nowrap="true" align="right">0 ms
                  
               </td>
               <td nowrap="true">
                  <a onclick="toggleDetailsVisibility('com.NFHS.TestSuites.RegistrationSuite.Registration_Account_Setup_Registration_of_New_User_byStatus_skiped_SKIP1_exception')">org.testng.SkipException: 
                     Runmode of this test data is set to NO
                     
                  </a>
                   
                  
               </td>
            </tr>
            <tr>
               <td colspan="4" class="detailsBox">
                  <div id="com.NFHS.TestSuites.RegistrationSuite.Registration_Account_Setup_Registration_of_New_User_byStatus_skiped_SKIP1_details"
                       class="testMethodDetails">
                     <div>
                        <b>Name: </b>Registration_of_New_User
                     </div>
                     <div>
                        <b>Signature: </b>Registration_of_New_User(java.lang.String, java.lang.String, java.lang.String, java.lang.String)[pri:0, instance:com.NFHS.TestSuites.RegistrationSuite.Registration_Account_Setup@e91f5d]
                     </div>
                     <div>
                        <b>Parameters: </b>
                        
                        abc@gmail.com
                        
                        ,
                        
                        abcd@gmail.com
                        
                        ,
                        
                        password
                        
                        ,
                        
                        password
                        
                        
                     </div>
                     <div>
                        <b>Start time: </b>05:09:31
                     </div>
                     <div>
                        <b>End time: </b>05:09:31
                     </div>
                     <div>
                        <b>Duration: </b>0 ms
                        
                     </div>
                  </div>
               </td>
            </tr>
            <tr>
               <td colspan="4" class="detailsBox">
                  <div id="com.NFHS.TestSuites.RegistrationSuite.Registration_Account_Setup_Registration_of_New_User_byStatus_skiped_SKIP1_exception"
                       class="testMethodDetails">
                     <pre style="padding: 5px; margin: 0;">org.testng.SkipException: Runmode of this test data is set to NO
                        	at com.NFHS.TestSuites.RegistrationSuite.Registration_Account_Setup.Registration_of_New_User(Unknown Source)
                        	at sun.reflect.NativeMethodAccessorImpl.invoke0(Native Method)
                        	at sun.reflect.NativeMethodAccessorImpl.invoke(Unknown Source)
                        	at sun.reflect.DelegatingMethodAccessorImpl.invoke(Unknown Source)
                        	at java.lang.reflect.Method.invoke(Unknown Source)
                        	at org.testng.internal.MethodInvocationHelper.invokeMethod(MethodInvocationHelper.java:84)
                        	at org.testng.internal.Invoker.invokeMethod(Invoker.java:714)
                        	at org.testng.internal.Invoker.invokeTestMethod(Invoker.java:901)
                        	at org.testng.internal.Invoker.invokeTestMethods(Invoker.java:1231)
                        	at org.testng.internal.TestMethodWorker.invokeTestMethods(TestMethodWorker.java:127)
                        	at org.testng.internal.TestMethodWorker.run(TestMethodWorker.java:111)
                        	at org.testng.TestRunner.privateRun(TestRunner.java:767)
                        	at org.testng.TestRunner.run(TestRunner.java:617)
                        	at org.testng.SuiteRunner.runTest(SuiteRunner.java:334)
                        	at org.testng.SuiteRunner.runSequentially(SuiteRunner.java:329)
                        	at org.testng.SuiteRunner.privateRun(SuiteRunner.java:291)
                        	at org.testng.SuiteRunner.run(SuiteRunner.java:240)
                        	at org.testng.SuiteRunnerWorker.runSuite(SuiteRunnerWorker.java:52)
                        	at org.testng.SuiteRunnerWorker.run(SuiteRunnerWorker.java:86)
                        	at org.testng.TestNG.runSuitesSequentially(TestNG.java:1224)
                        	at org.testng.TestNG.runSuitesSequentially(TestNG.java:1220)
                        	at org.testng.TestNG.runSuitesLocally(TestNG.java:1149)
                        	at org.testng.TestNG.run(TestNG.java:1057)
                        	at org.testng.TestNG.privateMain(TestNG.java:1364)
                        	at org.testng.TestNG.main(TestNG.java:1333)
                     </pre>
                  </div>
               </td>
            </tr>
            <tr id="com.NFHS.TestSuites.RegistrationSuite.Registration_Account_Setup_Registration_of_New_User_byStatus_skiped_SKIP2_row"
                class="testMethodStatusSKIP">
               <td width="100%" class="firstMethodCell">
                  <a onclick="toggleDetailsVisibility('com.NFHS.TestSuites.RegistrationSuite.Registration_Account_Setup_Registration_of_New_User_byStatus_skiped_SKIP2_details')">Registration_of_New_User(_@gmail.com
                     
                     ,
                     
                     abcd@gmail.com
                     
                     ,
                     
                     password
                     
                     ,
                     
                     password)
                  </a>
               </td>
               <td nowrap="true">05:09:36</td>
               <td nowrap="true" align="right">0 ms
                  
               </td>
               <td nowrap="true">
                  <a onclick="toggleDetailsVisibility('com.NFHS.TestSuites.RegistrationSuite.Registration_Account_Setup_Registration_of_New_User_byStatus_skiped_SKIP2_exception')">org.testng.SkipException: 
                     Runmode of this test data is set to NO
                     
                  </a>
                   
                  
               </td>
            </tr>
            <tr>
               <td colspan="4" class="detailsBox">
                  <div id="com.NFHS.TestSuites.RegistrationSuite.Registration_Account_Setup_Registration_of_New_User_byStatus_skiped_SKIP2_details"
                       class="testMethodDetails">
                     <div>
                        <b>Name: </b>Registration_of_New_User
                     </div>
                     <div>
                        <b>Signature: </b>Registration_of_New_User(java.lang.String, java.lang.String, java.lang.String, java.lang.String)[pri:0, instance:com.NFHS.TestSuites.RegistrationSuite.Registration_Account_Setup@e91f5d]
                     </div>
                     <div>
                        <b>Parameters: </b>
                        
                        _@gmail.com
                        
                        ,
                        
                        abcd@gmail.com
                        
                        ,
                        
                        password
                        
                        ,
                        
                        password
                        
                        
                     </div>
                     <div>
                        <b>Start time: </b>05:09:36
                     </div>
                     <div>
                        <b>End time: </b>05:09:36
                     </div>
                     <div>
                        <b>Duration: </b>0 ms
                        
                     </div>
                  </div>
               </td>
            </tr>
            <tr>
               <td colspan="4" class="detailsBox">
                  <div id="com.NFHS.TestSuites.RegistrationSuite.Registration_Account_Setup_Registration_of_New_User_byStatus_skiped_SKIP2_exception"
                       class="testMethodDetails">
                     <pre style="padding: 5px; margin: 0;">org.testng.SkipException: Runmode of this test data is set to NO
                        	at com.NFHS.TestSuites.RegistrationSuite.Registration_Account_Setup.Registration_of_New_User(Unknown Source)
                        	at sun.reflect.NativeMethodAccessorImpl.invoke0(Native Method)
                        	at sun.reflect.NativeMethodAccessorImpl.invoke(Unknown Source)
                        	at sun.reflect.DelegatingMethodAccessorImpl.invoke(Unknown Source)
                        	at java.lang.reflect.Method.invoke(Unknown Source)
                        	at org.testng.internal.MethodInvocationHelper.invokeMethod(MethodInvocationHelper.java:84)
                        	at org.testng.internal.Invoker.invokeMethod(Invoker.java:714)
                        	at org.testng.internal.Invoker.invokeTestMethod(Invoker.java:901)
                        	at org.testng.internal.Invoker.invokeTestMethods(Invoker.java:1231)
                        	at org.testng.internal.TestMethodWorker.invokeTestMethods(TestMethodWorker.java:127)
                        	at org.testng.internal.TestMethodWorker.run(TestMethodWorker.java:111)
                        	at org.testng.TestRunner.privateRun(TestRunner.java:767)
                        	at org.testng.TestRunner.run(TestRunner.java:617)
                        	at org.testng.SuiteRunner.runTest(SuiteRunner.java:334)
                        	at org.testng.SuiteRunner.runSequentially(SuiteRunner.java:329)
                        	at org.testng.SuiteRunner.privateRun(SuiteRunner.java:291)
                        	at org.testng.SuiteRunner.run(SuiteRunner.java:240)
                        	at org.testng.SuiteRunnerWorker.runSuite(SuiteRunnerWorker.java:52)
                        	at org.testng.SuiteRunnerWorker.run(SuiteRunnerWorker.java:86)
                        	at org.testng.TestNG.runSuitesSequentially(TestNG.java:1224)
                        	at org.testng.TestNG.runSuitesSequentially(TestNG.java:1220)
                        	at org.testng.TestNG.runSuitesLocally(TestNG.java:1149)
                        	at org.testng.TestNG.run(TestNG.java:1057)
                        	at org.testng.TestNG.privateMain(TestNG.java:1364)
                        	at org.testng.TestNG.main(TestNG.java:1333)
                     </pre>
                  </div>
               </td>
            </tr>
         </table>
      </div>
      <div id="testMethodsByClass">
         <table class="testMethodsTable" cellpadding="0" cellspacing="0">
            <tr>
               <td colspan="4">
                  <h3 style="display: inline;">com.NFHS.TestSuites.RegistrationSuite.Registration_Account_Setup</h3>
               </td>
            </tr>
            <tr class="methodsTableHeader">
               <td width="100%">Name</td>
               <td nowrap="true">Started</td>
               <td nowrap="true">Duration</td>
               <td>Exception</td>
            </tr>
            <tr id="com.NFHS.TestSuites.RegistrationSuite.Registration_Account_Setup_isTestSkipped_byClass_PASS1_row"
                class="testMethodStatusPASS testMethodStatusCONF">
               <td width="100%" class="firstMethodCell">
                  <a onclick="toggleDetailsVisibility('com.NFHS.TestSuites.RegistrationSuite.Registration_Account_Setup_isTestSkipped_byClass_PASS1_details')">isTestSkipped()</a>
               </td>
               <td nowrap="true">05:08:59</td>
               <td nowrap="true" align="right">1s
                  
               </td>
               <td nowrap="true">
                   
                  
               </td>
            </tr>
            <tr>
               <td colspan="4" class="detailsBox">
                  <div id="com.NFHS.TestSuites.RegistrationSuite.Registration_Account_Setup_isTestSkipped_byClass_PASS1_details"
                       class="testMethodDetails">
                     <div>
                        <b>Name: </b>isTestSkipped
                     </div>
                     <div>
                        <b>Signature: </b>isTestSkipped()[pri:0, instance:com.NFHS.TestSuites.RegistrationSuite.Registration_Account_Setup@e91f5d]
                     </div>
                     <div>
                        <b>Start time: </b>05:08:59
                     </div>
                     <div>
                        <b>End time: </b>05:09:00
                     </div>
                     <div>
                        <b>Duration: </b>1s
                        
                     </div>
                  </div>
               </td>
            </tr>
            <tr></tr>
            <tr id="com.NFHS.TestSuites.RegistrationSuite.Registration_Account_Setup_launch_Browser_byClass_PASS2_row"
                class="testMethodStatusPASS testMethodStatusCONF">
               <td width="100%" class="firstMethodCell">
                  <a onclick="toggleDetailsVisibility('com.NFHS.TestSuites.RegistrationSuite.Registration_Account_Setup_launch_Browser_byClass_PASS2_details')">launch_Browser(chrome)</a>
               </td>
               <td nowrap="true">05:09:02</td>
               <td nowrap="true" align="right">3s
                  
               </td>
               <td nowrap="true">
                   
                  
               </td>
            </tr>
            <tr>
               <td colspan="4" class="detailsBox">
                  <div id="com.NFHS.TestSuites.RegistrationSuite.Registration_Account_Setup_launch_Browser_byClass_PASS2_details"
                       class="testMethodDetails">
                     <div>
                        <b>Name: </b>launch_Browser
                     </div>
                     <div>
                        <b>Signature: </b>launch_Browser(java.lang.String)[pri:0, instance:com.NFHS.TestSuites.RegistrationSuite.Registration_Account_Setup@e91f5d]
                     </div>
                     <div>
                        <b>Parameters: </b>
                        
                        chrome
                        
                        
                     </div>
                     <div>
                        <b>Start time: </b>05:09:02
                     </div>
                     <div>
                        <b>End time: </b>05:09:06
                     </div>
                     <div>
                        <b>Duration: </b>3s
                        
                     </div>
                  </div>
               </td>
            </tr>
            <tr></tr>
            <tr id="com.NFHS.TestSuites.RegistrationSuite.Registration_Account_Setup_Registration_of_New_User_byClass_PASS3_row"
                class="testMethodStatusPASS">
               <td width="100%" class="firstMethodCell">
                  <a onclick="toggleDetailsVisibility('com.NFHS.TestSuites.RegistrationSuite.Registration_Account_Setup_Registration_of_New_User_byClass_PASS3_details')">Registration_of_New_User(abc@g
                     
                     ,
                     
                     abcd@gmail.com
                     
                     ,
                     
                     password
                     
                     ,
                     
                     password)
                  </a>
               </td>
               <td nowrap="true">05:09:06</td>
               <td nowrap="true" align="right">19s
                  
               </td>
               <td nowrap="true">
                   
                  
               </td>
            </tr>
            <tr>
               <td colspan="4" class="detailsBox">
                  <div id="com.NFHS.TestSuites.RegistrationSuite.Registration_Account_Setup_Registration_of_New_User_byClass_PASS3_details"
                       class="testMethodDetails">
                     <div>
                        <b>Name: </b>Registration_of_New_User
                     </div>
                     <div>
                        <b>Signature: </b>Registration_of_New_User(java.lang.String, java.lang.String, java.lang.String, java.lang.String)[pri:0, instance:com.NFHS.TestSuites.RegistrationSuite.Registration_Account_Setup@e91f5d]
                     </div>
                     <div>
                        <b>Parameters: </b>
                        
                        abc@g
                        
                        ,
                        
                        abcd@gmail.com
                        
                        ,
                        
                        password
                        
                        ,
                        
                        password
                        
                        
                     </div>
                     <div>
                        <b>Start time: </b>05:09:06
                     </div>
                     <div>
                        <b>End time: </b>05:09:25
                     </div>
                     <div>
                        <b>Duration: </b>19s
                        
                     </div>
                  </div>
               </td>
            </tr>
            <tr></tr>
            <tr id="com.NFHS.TestSuites.RegistrationSuite.Registration_Account_Setup_reporter_byClass_PASS4_row"
                class="testMethodStatusPASS testMethodStatusCONF">
               <td width="100%" class="firstMethodCell">
                  <a onclick="toggleDetailsVisibility('com.NFHS.TestSuites.RegistrationSuite.Registration_Account_Setup_reporter_byClass_PASS4_details')">reporter()</a>
               </td>
               <td nowrap="true">05:09:25</td>
               <td nowrap="true" align="right">3s
                  
               </td>
               <td nowrap="true">
                   
                  
               </td>
            </tr>
            <tr>
               <td colspan="4" class="detailsBox">
                  <div id="com.NFHS.TestSuites.RegistrationSuite.Registration_Account_Setup_reporter_byClass_PASS4_details"
                       class="testMethodDetails">
                     <div>
                        <b>Name: </b>reporter
                     </div>
                     <div>
                        <b>Signature: </b>reporter()[pri:0, instance:com.NFHS.TestSuites.RegistrationSuite.Registration_Account_Setup@e91f5d]
                     </div>
                     <div>
                        <b>Start time: </b>05:09:25
                     </div>
                     <div>
                        <b>End time: </b>05:09:29
                     </div>
                     <div>
                        <b>Duration: </b>3s
                        
                     </div>
                  </div>
               </td>
            </tr>
            <tr></tr>
            <tr id="com.NFHS.TestSuites.RegistrationSuite.Registration_Account_Setup_launch_Browser_byClass_PASS5_row"
                class="testMethodStatusPASS testMethodStatusCONF">
               <td width="100%" class="firstMethodCell">
                  <a onclick="toggleDetailsVisibility('com.NFHS.TestSuites.RegistrationSuite.Registration_Account_Setup_launch_Browser_byClass_PASS5_details')">launch_Browser(chrome)</a>
               </td>
               <td nowrap="true">05:09:29</td>
               <td nowrap="true" align="right">1s
                  
               </td>
               <td nowrap="true">
                   
                  
               </td>
            </tr>
            <tr>
               <td colspan="4" class="detailsBox">
                  <div id="com.NFHS.TestSuites.RegistrationSuite.Registration_Account_Setup_launch_Browser_byClass_PASS5_details"
                       class="testMethodDetails">
                     <div>
                        <b>Name: </b>launch_Browser
                     </div>
                     <div>
                        <b>Signature: </b>launch_Browser(java.lang.String)[pri:0, instance:com.NFHS.TestSuites.RegistrationSuite.Registration_Account_Setup@e91f5d]
                     </div>
                     <div>
                        <b>Parameters: </b>
                        
                        chrome
                        
                        
                     </div>
                     <div>
                        <b>Start time: </b>05:09:29
                     </div>
                     <div>
                        <b>End time: </b>05:09:31
                     </div>
                     <div>
                        <b>Duration: </b>1s
                        
                     </div>
                  </div>
               </td>
            </tr>
            <tr></tr>
            <tr id="com.NFHS.TestSuites.RegistrationSuite.Registration_Account_Setup_reporter_byClass_PASS6_row"
                class="testMethodStatusPASS testMethodStatusCONF">
               <td width="100%" class="firstMethodCell">
                  <a onclick="toggleDetailsVisibility('com.NFHS.TestSuites.RegistrationSuite.Registration_Account_Setup_reporter_byClass_PASS6_details')">reporter()</a>
               </td>
               <td nowrap="true">05:09:31</td>
               <td nowrap="true" align="right">3s
                  
               </td>
               <td nowrap="true">
                   
                  
               </td>
            </tr>
            <tr>
               <td colspan="4" class="detailsBox">
                  <div id="com.NFHS.TestSuites.RegistrationSuite.Registration_Account_Setup_reporter_byClass_PASS6_details"
                       class="testMethodDetails">
                     <div>
                        <b>Name: </b>reporter
                     </div>
                     <div>
                        <b>Signature: </b>reporter()[pri:0, instance:com.NFHS.TestSuites.RegistrationSuite.Registration_Account_Setup@e91f5d]
                     </div>
                     <div>
                        <b>Start time: </b>05:09:31
                     </div>
                     <div>
                        <b>End time: </b>05:09:34
                     </div>
                     <div>
                        <b>Duration: </b>3s
                        
                     </div>
                  </div>
               </td>
            </tr>
            <tr></tr>
            <tr id="com.NFHS.TestSuites.RegistrationSuite.Registration_Account_Setup_Registration_of_New_User_byClass_SKIP7_row"
                class="testMethodStatusSKIP">
               <td width="100%" class="firstMethodCell">
                  <a onclick="toggleDetailsVisibility('com.NFHS.TestSuites.RegistrationSuite.Registration_Account_Setup_Registration_of_New_User_byClass_SKIP7_details')">Registration_of_New_User(abc@gmail.com
                     
                     ,
                     
                     abcd@gmail.com
                     
                     ,
                     
                     password
                     
                     ,
                     
                     password)
                  </a>
               </td>
               <td nowrap="true">05:09:31</td>
               <td nowrap="true" align="right">0 ms
                  
               </td>
               <td nowrap="true">
                  <a onclick="toggleDetailsVisibility('com.NFHS.TestSuites.RegistrationSuite.Registration_Account_Setup_Registration_of_New_User_byClass_SKIP7_exception')">org.testng.SkipException: 
                     Runmode of this test data is set to NO
                     
                  </a>
                   
                  
               </td>
            </tr>
            <tr>
               <td colspan="4" class="detailsBox">
                  <div id="com.NFHS.TestSuites.RegistrationSuite.Registration_Account_Setup_Registration_of_New_User_byClass_SKIP7_details"
                       class="testMethodDetails">
                     <div>
                        <b>Name: </b>Registration_of_New_User
                     </div>
                     <div>
                        <b>Signature: </b>Registration_of_New_User(java.lang.String, java.lang.String, java.lang.String, java.lang.String)[pri:0, instance:com.NFHS.TestSuites.RegistrationSuite.Registration_Account_Setup@e91f5d]
                     </div>
                     <div>
                        <b>Parameters: </b>
                        
                        abc@gmail.com
                        
                        ,
                        
                        abcd@gmail.com
                        
                        ,
                        
                        password
                        
                        ,
                        
                        password
                        
                        
                     </div>
                     <div>
                        <b>Start time: </b>05:09:31
                     </div>
                     <div>
                        <b>End time: </b>05:09:31
                     </div>
                     <div>
                        <b>Duration: </b>0 ms
                        
                     </div>
                  </div>
               </td>
            </tr>
            <tr>
               <td colspan="4" class="detailsBox">
                  <div id="com.NFHS.TestSuites.RegistrationSuite.Registration_Account_Setup_Registration_of_New_User_byClass_SKIP7_exception"
                       class="testMethodDetails">
                     <pre style="padding: 5px; margin: 0;">org.testng.SkipException: Runmode of this test data is set to NO
                        	at com.NFHS.TestSuites.RegistrationSuite.Registration_Account_Setup.Registration_of_New_User(Unknown Source)
                        	at sun.reflect.NativeMethodAccessorImpl.invoke0(Native Method)
                        	at sun.reflect.NativeMethodAccessorImpl.invoke(Unknown Source)
                        	at sun.reflect.DelegatingMethodAccessorImpl.invoke(Unknown Source)
                        	at java.lang.reflect.Method.invoke(Unknown Source)
                        	at org.testng.internal.MethodInvocationHelper.invokeMethod(MethodInvocationHelper.java:84)
                        	at org.testng.internal.Invoker.invokeMethod(Invoker.java:714)
                        	at org.testng.internal.Invoker.invokeTestMethod(Invoker.java:901)
                        	at org.testng.internal.Invoker.invokeTestMethods(Invoker.java:1231)
                        	at org.testng.internal.TestMethodWorker.invokeTestMethods(TestMethodWorker.java:127)
                        	at org.testng.internal.TestMethodWorker.run(TestMethodWorker.java:111)
                        	at org.testng.TestRunner.privateRun(TestRunner.java:767)
                        	at org.testng.TestRunner.run(TestRunner.java:617)
                        	at org.testng.SuiteRunner.runTest(SuiteRunner.java:334)
                        	at org.testng.SuiteRunner.runSequentially(SuiteRunner.java:329)
                        	at org.testng.SuiteRunner.privateRun(SuiteRunner.java:291)
                        	at org.testng.SuiteRunner.run(SuiteRunner.java:240)
                        	at org.testng.SuiteRunnerWorker.runSuite(SuiteRunnerWorker.java:52)
                        	at org.testng.SuiteRunnerWorker.run(SuiteRunnerWorker.java:86)
                        	at org.testng.TestNG.runSuitesSequentially(TestNG.java:1224)
                        	at org.testng.TestNG.runSuitesSequentially(TestNG.java:1220)
                        	at org.testng.TestNG.runSuitesLocally(TestNG.java:1149)
                        	at org.testng.TestNG.run(TestNG.java:1057)
                        	at org.testng.TestNG.privateMain(TestNG.java:1364)
                        	at org.testng.TestNG.main(TestNG.java:1333)
                     </pre>
                  </div>
               </td>
            </tr>
            <tr id="com.NFHS.TestSuites.RegistrationSuite.Registration_Account_Setup_launch_Browser_byClass_PASS8_row"
                class="testMethodStatusPASS testMethodStatusCONF">
               <td width="100%" class="firstMethodCell">
                  <a onclick="toggleDetailsVisibility('com.NFHS.TestSuites.RegistrationSuite.Registration_Account_Setup_launch_Browser_byClass_PASS8_details')">launch_Browser(chrome)</a>
               </td>
               <td nowrap="true">05:09:34</td>
               <td nowrap="true" align="right">1s
                  
               </td>
               <td nowrap="true">
                   
                  
               </td>
            </tr>
            <tr>
               <td colspan="4" class="detailsBox">
                  <div id="com.NFHS.TestSuites.RegistrationSuite.Registration_Account_Setup_launch_Browser_byClass_PASS8_details"
                       class="testMethodDetails">
                     <div>
                        <b>Name: </b>launch_Browser
                     </div>
                     <div>
                        <b>Signature: </b>launch_Browser(java.lang.String)[pri:0, instance:com.NFHS.TestSuites.RegistrationSuite.Registration_Account_Setup@e91f5d]
                     </div>
                     <div>
                        <b>Parameters: </b>
                        
                        chrome
                        
                        
                     </div>
                     <div>
                        <b>Start time: </b>05:09:34
                     </div>
                     <div>
                        <b>End time: </b>05:09:36
                     </div>
                     <div>
                        <b>Duration: </b>1s
                        
                     </div>
                  </div>
               </td>
            </tr>
            <tr></tr>
            <tr id="com.NFHS.TestSuites.RegistrationSuite.Registration_Account_Setup_reporter_byClass_PASS9_row"
                class="testMethodStatusPASS testMethodStatusCONF">
               <td width="100%" class="firstMethodCell">
                  <a onclick="toggleDetailsVisibility('com.NFHS.TestSuites.RegistrationSuite.Registration_Account_Setup_reporter_byClass_PASS9_details')">reporter()</a>
               </td>
               <td nowrap="true">05:09:36</td>
               <td nowrap="true" align="right">3s
                  
               </td>
               <td nowrap="true">
                   
                  
               </td>
            </tr>
            <tr>
               <td colspan="4" class="detailsBox">
                  <div id="com.NFHS.TestSuites.RegistrationSuite.Registration_Account_Setup_reporter_byClass_PASS9_details"
                       class="testMethodDetails">
                     <div>
                        <b>Name: </b>reporter
                     </div>
                     <div>
                        <b>Signature: </b>reporter()[pri:0, instance:com.NFHS.TestSuites.RegistrationSuite.Registration_Account_Setup@e91f5d]
                     </div>
                     <div>
                        <b>Start time: </b>05:09:36
                     </div>
                     <div>
                        <b>End time: </b>05:09:40
                     </div>
                     <div>
                        <b>Duration: </b>3s
                        
                     </div>
                  </div>
               </td>
            </tr>
            <tr></tr>
            <tr id="com.NFHS.TestSuites.RegistrationSuite.Registration_Account_Setup_Registration_of_New_User_byClass_SKIP10_row"
                class="testMethodStatusSKIP">
               <td width="100%" class="firstMethodCell">
                  <a onclick="toggleDetailsVisibility('com.NFHS.TestSuites.RegistrationSuite.Registration_Account_Setup_Registration_of_New_User_byClass_SKIP10_details')">Registration_of_New_User(_@gmail.com
                     
                     ,
                     
                     abcd@gmail.com
                     
                     ,
                     
                     password
                     
                     ,
                     
                     password)
                  </a>
               </td>
               <td nowrap="true">05:09:36</td>
               <td nowrap="true" align="right">0 ms
                  
               </td>
               <td nowrap="true">
                  <a onclick="toggleDetailsVisibility('com.NFHS.TestSuites.RegistrationSuite.Registration_Account_Setup_Registration_of_New_User_byClass_SKIP10_exception')">org.testng.SkipException: 
                     Runmode of this test data is set to NO
                     
                  </a>
                   
                  
               </td>
            </tr>
            <tr>
               <td colspan="4" class="detailsBox">
                  <div id="com.NFHS.TestSuites.RegistrationSuite.Registration_Account_Setup_Registration_of_New_User_byClass_SKIP10_details"
                       class="testMethodDetails">
                     <div>
                        <b>Name: </b>Registration_of_New_User
                     </div>
                     <div>
                        <b>Signature: </b>Registration_of_New_User(java.lang.String, java.lang.String, java.lang.String, java.lang.String)[pri:0, instance:com.NFHS.TestSuites.RegistrationSuite.Registration_Account_Setup@e91f5d]
                     </div>
                     <div>
                        <b>Parameters: </b>
                        
                        _@gmail.com
                        
                        ,
                        
                        abcd@gmail.com
                        
                        ,
                        
                        password
                        
                        ,
                        
                        password
                        
                        
                     </div>
                     <div>
                        <b>Start time: </b>05:09:36
                     </div>
                     <div>
                        <b>End time: </b>05:09:36
                     </div>
                     <div>
                        <b>Duration: </b>0 ms
                        
                     </div>
                  </div>
               </td>
            </tr>
            <tr>
               <td colspan="4" class="detailsBox">
                  <div id="com.NFHS.TestSuites.RegistrationSuite.Registration_Account_Setup_Registration_of_New_User_byClass_SKIP10_exception"
                       class="testMethodDetails">
                     <pre style="padding: 5px; margin: 0;">org.testng.SkipException: Runmode of this test data is set to NO
                        	at com.NFHS.TestSuites.RegistrationSuite.Registration_Account_Setup.Registration_of_New_User(Unknown Source)
                        	at sun.reflect.NativeMethodAccessorImpl.invoke0(Native Method)
                        	at sun.reflect.NativeMethodAccessorImpl.invoke(Unknown Source)
                        	at sun.reflect.DelegatingMethodAccessorImpl.invoke(Unknown Source)
                        	at java.lang.reflect.Method.invoke(Unknown Source)
                        	at org.testng.internal.MethodInvocationHelper.invokeMethod(MethodInvocationHelper.java:84)
                        	at org.testng.internal.Invoker.invokeMethod(Invoker.java:714)
                        	at org.testng.internal.Invoker.invokeTestMethod(Invoker.java:901)
                        	at org.testng.internal.Invoker.invokeTestMethods(Invoker.java:1231)
                        	at org.testng.internal.TestMethodWorker.invokeTestMethods(TestMethodWorker.java:127)
                        	at org.testng.internal.TestMethodWorker.run(TestMethodWorker.java:111)
                        	at org.testng.TestRunner.privateRun(TestRunner.java:767)
                        	at org.testng.TestRunner.run(TestRunner.java:617)
                        	at org.testng.SuiteRunner.runTest(SuiteRunner.java:334)
                        	at org.testng.SuiteRunner.runSequentially(SuiteRunner.java:329)
                        	at org.testng.SuiteRunner.privateRun(SuiteRunner.java:291)
                        	at org.testng.SuiteRunner.run(SuiteRunner.java:240)
                        	at org.testng.SuiteRunnerWorker.runSuite(SuiteRunnerWorker.java:52)
                        	at org.testng.SuiteRunnerWorker.run(SuiteRunnerWorker.java:86)
                        	at org.testng.TestNG.runSuitesSequentially(TestNG.java:1224)
                        	at org.testng.TestNG.runSuitesSequentially(TestNG.java:1220)
                        	at org.testng.TestNG.runSuitesLocally(TestNG.java:1149)
                        	at org.testng.TestNG.run(TestNG.java:1057)
                        	at org.testng.TestNG.privateMain(TestNG.java:1364)
                        	at org.testng.TestNG.main(TestNG.java:1333)
                     </pre>
                  </div>
               </td>
            </tr>
            <tr id="com.NFHS.TestSuites.RegistrationSuite.Registration_Account_Setup_reportTestCaseResult_byClass_PASS11_row"
                class="testMethodStatusPASS testMethodStatusCONF">
               <td width="100%" class="firstMethodCell">
                  <a onclick="toggleDetailsVisibility('com.NFHS.TestSuites.RegistrationSuite.Registration_Account_Setup_reportTestCaseResult_byClass_PASS11_details')">reportTestCaseResult()</a>
               </td>
               <td nowrap="true">05:09:40</td>
               <td nowrap="true" align="right">344 ms
                  
               </td>
               <td nowrap="true">
                   
                  
               </td>
            </tr>
            <tr>
               <td colspan="4" class="detailsBox">
                  <div id="com.NFHS.TestSuites.RegistrationSuite.Registration_Account_Setup_reportTestCaseResult_byClass_PASS11_details"
                       class="testMethodDetails">
                     <div>
                        <b>Name: </b>reportTestCaseResult
                     </div>
                     <div>
                        <b>Signature: </b>reportTestCaseResult()[pri:0, instance:com.NFHS.TestSuites.RegistrationSuite.Registration_Account_Setup@e91f5d]
                     </div>
                     <div>
                        <b>Start time: </b>05:09:40
                     </div>
                     <div>
                        <b>End time: </b>05:09:40
                     </div>
                     <div>
                        <b>Duration: </b>344 ms
                        
                     </div>
                  </div>
               </td>
            </tr>
            <tr></tr>
         </table>
         <br></br>
      </div>
      <div style="margin-top: 15px; color: gray; text-align: center; font-size: 9px;">
         Generated with
         
         <a href="http://code.google.com/p/testng-xslt/" style="color: #8888aa;"
            target="_blank">
            TestNG XSLT
            
         </a>
      </div>
   </body>
</html>