<?xml version="1.0" encoding="UTF-8"?>
<!-- Generated by org.testng.reporters.JUnitXMLReporter -->
<testsuite hostname="vdc01hpd-0072" name="Testcase_22" tests="4" failures="1" timestamp="28 May 2014 07:01:59 GMT" time="53.592" errors="0">
  <testcase name="testcase22" time="33.839" classname="com.Framework.Registration.Tests.Testcase_22">
    <failure type="org.openqa.selenium.NoSuchElementException" message="Unable to find element with id == logonId (WARNING: The server did not provide any stacktrace information)
Command duration or timeout: 10.34 seconds
For documentation on this error, please visit: http://seleniumhq.org/exceptions/no_such_element.html
Build info: version: &amp;apos;2.41.0&amp;apos;, revision: &amp;apos;3192d8a&amp;apos;, time: &amp;apos;2014-03-27 17:17:32&amp;apos;
System info: host: &amp;apos;vdc01hpd-0072&amp;apos;, ip: &amp;apos;10.97.62.152&amp;apos;, os.name: &amp;apos;Windows XP&amp;apos;, os.arch: &amp;apos;x86&amp;apos;, os.version: &amp;apos;5.1&amp;apos;, java.version: &amp;apos;1.7.0-ea&amp;apos;
Session ID: b48cc323-a377-46a9-a7b8-6fc2672574db
Driver info: org.openqa.selenium.ie.InternetExplorerDriver
Capabilities [{platform=WINDOWS, javascriptEnabled=true, elementScrollBehavior=0, enablePersistentHover=true, ignoreZoomSetting=false, ie.ensureCleanSession=false, browserName=internet explorer, enableElementCacheCleanup=true, unexpectedAlertBehaviour=dismiss, version=8, ie.usePerProcessProxy=false, cssSelectorsEnabled=true, ignoreProtectedModeSettings=false, requireWindowFocus=false, handlesAlerts=true, initialBrowserUrl=http://localhost:13356/, ie.forceCreateProcessApi=false, nativeEvents=true, browserAttachTimeout=0, ie.browserCommandLineSwitches=, takesScreenshot=true}]">
      <![CDATA[org.openqa.selenium.NoSuchElementException: Unable to find element with id == logonId (WARNING: The server did not provide any stacktrace information)
Command duration or timeout: 10.34 seconds
For documentation on this error, please visit: http://seleniumhq.org/exceptions/no_such_element.html
Build info: version: '2.41.0', revision: '3192d8a', time: '2014-03-27 17:17:32'
System info: host: 'vdc01hpd-0072', ip: '10.97.62.152', os.name: 'Windows XP', os.arch: 'x86', os.version: '5.1', java.version: '1.7.0-ea'
Session ID: b48cc323-a377-46a9-a7b8-6fc2672574db
Driver info: org.openqa.selenium.ie.InternetExplorerDriver
Capabilities [{platform=WINDOWS, javascriptEnabled=true, elementScrollBehavior=0, enablePersistentHover=true, ignoreZoomSetting=false, ie.ensureCleanSession=false, browserName=internet explorer, enableElementCacheCleanup=true, unexpectedAlertBehaviour=dismiss, version=8, ie.usePerProcessProxy=false, cssSelectorsEnabled=true, ignoreProtectedModeSettings=false, requireWindowFocus=false, handlesAlerts=true, initialBrowserUrl=http://localhost:13356/, ie.forceCreateProcessApi=false, nativeEvents=true, browserAttachTimeout=0, ie.browserCommandLineSwitches=, takesScreenshot=true}]
	at org.openqa.selenium.remote.ErrorHandler.createThrowable(ErrorHandler.java:193)
	at org.openqa.selenium.remote.ErrorHandler.throwIfResponseFailed(ErrorHandler.java:145)
	at org.openqa.selenium.remote.RemoteWebDriver.execute(RemoteWebDriver.java:595)
	at org.openqa.selenium.remote.RemoteWebDriver.findElement(RemoteWebDriver.java:348)
	at org.openqa.selenium.remote.RemoteWebDriver.findElementById(RemoteWebDriver.java:389)
	at org.openqa.selenium.By$ById.findElement(By.java:214)
	at org.openqa.selenium.remote.RemoteWebDriver.findElement(RemoteWebDriver.java:340)
	at com.Framework.base.PageBase.webElementProperty(Unknown Source)
	at com.Framework.Registration.PageObjects.LoginPage.loginData(Unknown Source)
	at com.Framework.Registration.Tests.Testcase_22.testcase22(Unknown Source)
... Removed 28 stack frames]]>
    </failure>
  </testcase> <!-- testcase22 -->
  <testcase name="testcase22" time="0.0" classname="com.Framework.Registration.Tests.Testcase_22">
    <skipped/>
  </testcase> <!-- testcase22 -->
  <testcase name="testcase22" time="0.0" classname="com.Framework.Registration.Tests.Testcase_22">
    <skipped/>
  </testcase> <!-- testcase22 -->
  <testcase name="testcase22" time="0.0" classname="com.Framework.Registration.Tests.Testcase_22">
    <skipped/>
  </testcase> <!-- testcase22 -->
</testsuite> <!-- Testcase_22 -->
