<?xml version="1.0" encoding="UTF-8"?>
<!-- Generated by org.testng.reporters.JUnitXMLReporter -->
<testsuite hostname="vdc01hpd-0072" name="Testcase_11" tests="3" failures="1" timestamp="28 May 2014 06:56:20 GMT" time="68.03" errors="0">
  <testcase name="testcase6" time="0.0" classname="com.Framework.Registration.Tests.Testcase_11">
    <skipped/>
  </testcase> <!-- testcase6 -->
  <testcase name="testcase6" time="0.0" classname="com.Framework.Registration.Tests.Testcase_11">
    <skipped/>
  </testcase> <!-- testcase6 -->
  <testcase name="testcase6" time="51.39" classname="com.Framework.Registration.Tests.Testcase_11">
    <failure type="java.lang.AssertionError" message="expected [fdf.daniel] but found [Please enter and verify the following details to complete your sign up]">
      <![CDATA[java.lang.AssertionError: expected [fdf.daniel] but found [Please enter and verify the following details to complete your sign up]
	at com.Framework.Registration.Tests.Testcase_11.testcase6(Unknown Source)
... Removed 29 stack frames]]>
    </failure>
  </testcase> <!-- testcase6 -->
</testsuite> <!-- Testcase_11 -->
