<?xml version="1.0" encoding="UTF-8"?>
<!-- Generated by org.testng.reporters.JUnitXMLReporter -->
<testsuite hostname="vdc01hpd-0072" name="Testcase_A2" tests="2" failures="2" timestamp="22 May 2014 07:06:42 GMT" time="1.0" errors="0">
  <testcase name="test1" time="0.016" classname="com.Framework.suiteA.Testcase_A2">
    <failure type="java.lang.AssertionError" message="expected [XYZ] but found [XYZsdfadsfsd]">
      <![CDATA[java.lang.AssertionError: expected [XYZ] but found [XYZsdfadsfsd]
	at com.Framework.suiteA.Testcase_A2.test1(Testcase_A2.java:55)
... Removed 30 stack frames]]>
    </failure>
  </testcase> <!-- test1 -->
  <testcase name="test1" time="0.0" classname="com.Framework.suiteA.Testcase_A2">
    <failure type="java.lang.AssertionError" message="expected [XYZ] but found [XYZsdfadsfsd]">
      <![CDATA[java.lang.AssertionError: expected [XYZ] but found [XYZsdfadsfsd]
	at com.Framework.suiteA.Testcase_A2.test1(Testcase_A2.java:55)
... Removed 30 stack frames]]>
    </failure>
  </testcase> <!-- test1 -->
</testsuite> <!-- Testcase_A2 -->
